Build started 06.09.2016 17:17:15.
     1>Project "C:\Users\Agnes\Documents\Visual Studio 2013\Projects\lab5zad1\lab5zad1\lab5zad1.vcxproj" on node 2 (Build target(s)).
     1>ClCompile:
         C:\Program Files (x86)\Microsoft Visual Studio 12.0\VC\bin\CL.exe /c /ZI /nologo /W3 /WX- /Od /Oy- /D WIN32 /D _DEBUG /D _CONSOLE /D _LIB /D _UNICODE /D UNICODE /Gm /EHsc /RTC1 /MDd /GS /fp:precise /Zc:wchar_t /Zc:forScope /Fo"Debug\\" /Fd"Debug\vc120.pdb" /Gd /TP /analyze- /errorReport:prompt main.cpp
         main.cpp
     1>c:\users\agnes\documents\visual studio 2013\projects\lab5zad1\lab5zad1\vector.h(15): error C2440: '=' : cannot convert from 'T' to 'T *'
                 Conversion from integral type to pointer type requires reinterpret_cast, C-style cast or function-style cast
                 c:\users\agnes\documents\visual studio 2013\projects\lab5zad1\lab5zad1\vector.h(12) : while compiling class template member function 'Vector<T>::Vector(const Vector<T> &)'
                 c:\users\agnes\documents\visual studio 2013\projects\lab5zad1\lab5zad1\vector.h(44) : see reference to function template instantiation 'Vector<T>::Vector(const Vector<T> &)' being compiled
                 c:\users\agnes\documents\visual studio 2013\projects\lab5zad1\lab5zad1\main.cpp(7) : see reference to class template instantiation 'Vector<T>' being compiled
     1>Done Building Project "C:\Users\Agnes\Documents\Visual Studio 2013\Projects\lab5zad1\lab5zad1\lab5zad1.vcxproj" (Build target(s)) -- FAILED.

Build FAILED.

Time Elapsed 00:00:24.90
